<?xml version="1.0" encoding="UTF-8"?>
<!-- Generated by org.testng.reporters.JUnitXMLReporter -->
<testsuite ignored="0" hostname="FEUJI-V005D" failures="0" tests="3" name="Test" time="10.889" errors="0" timestamp="2024-01-23T09:53:33 IST">
  <testcase classname="com.nopcommerce.test.NopcommerceTest" name="registrationTest" time="4.593">
    <skipped/>
  </testcase> <!-- registrationTest -->
  <testcase classname="com.nopcommerce.test.NopcommerceTest" name="loginTest" time="2.08"/>
  <testcase classname="com.nopcommerce.test.NopcommerceTest" name="menuBarTest" time="2.213"/>
</testsuite> <!-- Test -->
